<?xml version="1.0" encoding="UTF-8" ?>
<testsuite tests="43" failures="0" name="edu.umsl.game.backend.AssetTest" time="0.434" errors="0" skipped="0">
  <properties>
[...]
</properties>
  <testcase classname="edu.umsl.game.backend.AssetTest" name="testManPlayBtnPressed" time="0.068"/>
  <testcase classname="edu.umsl.game.backend.AssetTest" name="testStandardV2" time="0.043"/>
  <testcase classname="edu.umsl.game.backend.AssetTest" name="testRulesMenuBtn" time="0.003"/>
  <testcase classname="edu.umsl.game.backend.AssetTest" name="testMidroundV2" time="0.039"/>
  <testcase classname="edu.umsl.game.backend.AssetTest" name="testContinueBtn" time="0.001"/>
  <testcase classname="edu.umsl.game.backend.AssetTest" name="testStdPlayBtn" time="0.003"/>
  <testcase classname="edu.umsl.game.backend.AssetTest" name="testExampleMenuBtnPressed" time="0.001"/>
  <testcase classname="edu.umsl.game.backend.AssetTest" name="testExamplePlayBtn" time="0.002"/>
  <testcase classname="edu.umsl.game.backend.AssetTest" name="testStdPlayBtnPressed" time="0.001"/>
  <testcase classname="edu.umsl.game.backend.AssetTest" name="testAboutUs" time="0.023"/>
  <testcase classname="edu.umsl.game.backend.AssetTest" name="testTailsToHeads" time="0.008"/>
  <testcase classname="edu.umsl.game.backend.AssetTest" name="testExamplePlayBtnPressed" time="0.001"/>
  <testcase classname="edu.umsl.game.backend.AssetTest" name="testHeads" time="0.02"/>
  <testcase classname="edu.umsl.game.backend.AssetTest" name="testTails" time="0.019"/>
  <testcase classname="edu.umsl.game.backend.AssetTest" name="testContinueBtnPressed" time="0"/>
  <testcase classname="edu.umsl.game.backend.AssetTest" name="testHowToPlayV2" time="0.024"/>
  <testcase classname="edu.umsl.game.backend.AssetTest" name="testSequenceV2" time="0.02"/>
  <testcase classname="edu.umsl.game.backend.AssetTest" name="testRulesBtnPressed" time="0.002"/>
  <testcase classname="edu.umsl.game.backend.AssetTest" name="testMainMenuV2" time="0.024"/>
  <testcase classname="edu.umsl.game.backend.AssetTest" name="testSubmitBtnPressed" time="0.001"/>
  <testcase classname="edu.umsl.game.backend.AssetTest" name="testRulesMenuBtnPressed" time="0.001"/>
  <testcase classname="edu.umsl.game.backend.AssetTest" name="testPlayMenuBtn" time="0.001"/>
  <testcase classname="edu.umsl.game.backend.AssetTest" name="testManPlayBtn" time="0.001"/>
  <testcase classname="edu.umsl.game.backend.AssetTest" name="testExampleMenuBtn" time="0.001"/>
  <testcase classname="edu.umsl.game.backend.AssetTest" name="testPlayHowToBtnPressed" time="0.001"/>
  <testcase classname="edu.umsl.game.backend.AssetTest" name="testIconRedo" time="0.002"/>
  <testcase classname="edu.umsl.game.backend.AssetTest" name="testPlayHowToBtn" time="0.001"/>
  <testcase classname="edu.umsl.game.backend.AssetTest" name="testPlayMenuBtnPressed" time="0.001"/>
  <testcase classname="edu.umsl.game.backend.AssetTest" name="testLearnMoreBtn" time="0"/>
  <testcase classname="edu.umsl.game.backend.AssetTest" name="testExampleV2" time="0.02"/>
  <testcase classname="edu.umsl.game.backend.AssetTest" name="testAboutUsBtn" time="0.001"/>
  <testcase classname="edu.umsl.game.backend.AssetTest" name="testLearnMoreBtnPressed" time="0"/>
  <testcase classname="edu.umsl.game.backend.AssetTest" name="testManualV2" time="0.018"/>
  <testcase classname="edu.umsl.game.backend.AssetTest" name="testAboutUsBtnPressed" time="0.001"/>
  <testcase classname="edu.umsl.game.backend.AssetTest" name="testSubmitBtn" time="0.001"/>
  <testcase classname="edu.umsl.game.backend.AssetTest" name="testDefeatV2" time="0.017"/>
  <testcase classname="edu.umsl.game.backend.AssetTest" name="testSequenceFlipBtnPressed" time="0.001"/>
  <testcase classname="edu.umsl.game.backend.AssetTest" name="testRulesBtn" time="0.001"/>
  <testcase classname="edu.umsl.game.backend.AssetTest" name="testVictoryV2" time="0.019"/>
  <testcase classname="edu.umsl.game.backend.AssetTest" name="testHeadsToTails" time="0.005"/>
  <testcase classname="edu.umsl.game.backend.AssetTest" name="testReadMeThumbnail" time="0.028"/>
  <testcase classname="edu.umsl.game.backend.AssetTest" name="testSequenceFlipBtn" time="0.001"/>
  <testcase classname="edu.umsl.game.backend.AssetTest" name="testWallpaper" time="0.009"/>
</testsuite>